<?xml version="1.0" encoding="UTF-8"?>
<testng-results ignored="0" total="1" passed="1" failed="0" skipped="0">
  <reporter-output>
  </reporter-output>
  <suite started-at="2023-03-22T17:48:11 IST" name="Default suite" finished-at="2023-03-22T17:48:17 IST" duration-ms="6766">
    <groups>
    </groups>
    <test started-at="2023-03-22T17:48:11 IST" name="Default test" finished-at="2023-03-22T17:48:17 IST" duration-ms="6766">
      <class name="RadheShyam.LoginTest">
        <test-method signature="Login()[pri:0, instance:RadheShyam.LoginTest@72e5a8e]" started-at="2023-03-22T17:48:11 IST" name="Login" finished-at="2023-03-22T17:48:17 IST" duration-ms="6374" status="PASS">
          <reporter-output>
          </reporter-output>
        </test-method> <!-- Login -->
        <test-method is-config="true" signature="closure()[pri:0, instance:RadheShyam.LoginTest@72e5a8e]" started-at="2023-03-22T17:48:17 IST" name="closure" finished-at="2023-03-22T17:48:17 IST" duration-ms="281" status="PASS">
          <reporter-output>
          </reporter-output>
        </test-method> <!-- closure -->
      </class> <!-- RadheShyam.LoginTest -->
    </test> <!-- Default test -->
  </suite> <!-- Default suite -->
</testng-results>
