<?xml version="1.0" encoding="UTF-8"?>
<testng-results ignored="0" total="4" passed="4" failed="0" skipped="0">
  <reporter-output>
  </reporter-output>
  <suite started-at="2023-08-05T20:56:19 IST" name="Suite" finished-at="2023-08-05T20:56:19 IST" duration-ms="214">
    <groups>
    </groups>
    <test started-at="2023-08-05T20:56:19 IST" name="Test" finished-at="2023-08-05T20:56:19 IST" duration-ms="214">
      <class name="mj.MavenJava.SeleniumTest">
        <test-method signature="BrowserAutomation()[pri:0, instance:mj.MavenJava.SeleniumTest@3e11f9e9]" started-at="2023-08-05T20:56:19 IST" name="BrowserAutomation" finished-at="2023-08-05T20:56:19 IST" duration-ms="13" status="PASS">
          <reporter-output>
          </reporter-output>
        </test-method> <!-- BrowserAutomation -->
        <test-method signature="elementUI()[pri:0, instance:mj.MavenJava.SeleniumTest@3e11f9e9]" started-at="2023-08-05T20:56:19 IST" name="elementUI" finished-at="2023-08-05T20:56:19 IST" duration-ms="3" status="PASS">
          <reporter-output>
          </reporter-output>
        </test-method> <!-- elementUI -->
      </class> <!-- mj.MavenJava.SeleniumTest -->
      <class name="mj.MavenJava.RestApiTest">
        <test-method signature="deleteTwitter()[pri:0, instance:mj.MavenJava.RestApiTest@6253c26]" started-at="2023-08-05T20:56:19 IST" name="deleteTwitter" finished-at="2023-08-05T20:56:19 IST" duration-ms="1" status="PASS">
          <reporter-output>
          </reporter-output>
        </test-method> <!-- deleteTwitter -->
        <test-method signature="postJira()[pri:0, instance:mj.MavenJava.RestApiTest@6253c26]" started-at="2023-08-05T20:56:19 IST" name="postJira" finished-at="2023-08-05T20:56:19 IST" duration-ms="2" status="PASS">
          <reporter-output>
          </reporter-output>
        </test-method> <!-- postJira -->
      </class> <!-- mj.MavenJava.RestApiTest -->
    </test> <!-- Test -->
  </suite> <!-- Suite -->
</testng-results>
