<?xml version="1.0" encoding="UTF-8"?>
<!-- Generated by org.testng.reporters.JUnitXMLReporter -->
<testsuite ignored="0" hostname="DESKTOP-4S79IRK" failures="0" tests="4" name="Test" time="0.214" errors="0" timestamp="2023-08-05T20:56:20 IST">
  <testcase classname="mj.MavenJava.SeleniumTest" name="BrowserAutomation" time="0.013"/>
  <testcase classname="mj.MavenJava.SeleniumTest" name="elementUI" time="0.003"/>
  <testcase classname="mj.MavenJava.RestApiTest" name="deleteTwitter" time="0.001"/>
  <testcase classname="mj.MavenJava.RestApiTest" name="postJira" time="0.002"/>
</testsuite> <!-- Test -->
